This file contains any messages produced by compilers while
running CMake, to aid debugging if configure makes a mistake.

It was created by tsid_api CMake configuration process UNKNOWN-dirty, which was
generated by CMake 3.16.3.

## --------- ##
## Platform. ##
## --------- ##

hostname = ggory15
system = Linux-5.11.0-27-generic
processor = x86_64
generator = Unix Makefiles

PATH /opt/openrobots/bin
PATH /opt/openrobots/bin
PATH /home/ggory15/.local/bin
PATH /usr/local/sbin
PATH /usr/local/bin
PATH /usr/sbin
PATH /usr/bin
PATH /sbin
PATH /bin
PATH /usr/games
PATH /usr/local/games
PATH /snap/bin

PKG_CONFIG_PATH /usr/local/lib64/pkgconfig
PKG_CONFIG_PATH /opt/openrobots/lib/pkgconfig
PKG_CONFIG_PATH /usr/local/lib64/pkgconfig
PKG_CONFIG_PATH /opt/openrobots/lib/pkgconfig
PKG_CONFIG_PATH 

## ---------------- ##
## CMake variables. ##
## ---------------- ##

CMAKE_ROOT = /usr/share/cmake-3.16
CMAKE_INCLUDE_PATH = 
CMAKE_LIBRARY_PATH = 
CMAKE_PREFIX_PATH = 
CMAKE_INSTALL_ALWAYS = 
CMAKE_SKIP_RPATH = NO
CMAKE_SUPPRESS_REGENERATION = 
BUILD_SHARED_LIBS = 

CMAKE_INSTALL_PREFIX = /opt/openrobots
PROJECT_SOURCE_DIR = /home/ggory15/jiyai_git/icra2022_jiyai/tsid_api
PROJECT_SOURCE_DIR = /home/ggory15/jiyai_git/icra2022_jiyai/tsid_api
PROJECT_BINARY_DIR = /home/ggory15/jiyai_git/icra2022_jiyai/tsid_api/build
CMAKE_BINARY_DIR = /home/ggory15/jiyai_git/icra2022_jiyai/tsid_api/build

CMAKE_AR = /usr/bin/ar
CMAKE_RANLIB = /usr/bin/ranlib
CMAKE_BUILD_TYPE = Release
CMAKE_CONFIGURATION_TYPES = 
CMAKE_SHARED_LINKER_FLAGS = 

CMAKE_C_COMPILER = 
CMAKE_C_FLAGS = 
CMAKE_C_FLAGS_DEBUG = 
CMAKE_C_FLAGS_RELEASE = 
CMAKE_CXX_COMPILER = /usr/bin/c++
CMAKE_CXX_FLAGS = -Werror  -pedantic -Wno-long-long -Wall -Wextra -Wcast-align -Wcast-qual -Wformat -Wwrite-strings -Wconversion 
CMAKE_CXX_FLAGS_DEBUG = -g
CMAKE_CXX_FLAGS_RELEASE = -O3 -DNDEBUG
CMAKE_CXX_FLAGS_RELWITHDEBINFO = -O2 -g -DNDEBUG

CMAKE_STATIC_LIBRARY_PREFIX = lib
CMAKE_STATIC_LIBRARY_SUFFIX = .a
CMAKE_SHARED_LIBRARY_PREFIX = lib
CMAKE_SHARED_LIBRARY_SUFFIX = .so
CMAKE_SHARED_MODULE_PREFIX = lib
CMAKE_SHARED_MODULE_SUFFIX = .so

## ------------------ ##
## Watched variables. ##
## ------------------ ##

WARNING_CXX_FLAGS = -Werror  -pedantic -Wno-long-long -Wall -Wextra -Wcast-align -Wcast-qual -Wformat -Wwrite-strings -Wconversion
_PKG_CONFIG_FOUND = undefined
PKG_CONFIG_EXECUTABLE = /usr/bin/pkg-config
_PKG_CONFIG_PREFIX = /opt/openrobots
_PKG_CONFIG_EXEC_PREFIX = /opt/openrobots
_PKG_CONFIG_LIBDIR = /opt/openrobots/lib
_PKG_CONFIG_BINDIR = /opt/openrobots/bin
_PKG_CONFIG_PKGLIBDIR = /opt/openrobots/lib/tsid_api
_PKG_CONFIG_INCLUDEDIR = /opt/openrobots/include
_PKG_CONFIG_DATAROOTDIR = /opt/openrobots/share
_PKG_CONFIG_PKGDATAROOTDIR = /opt/openrobots/share
_PKG_CONFIG_DOCDIR = /opt/openrobots/share/doc/tsid_api
_PKG_CONFIG_DOXYGENDOCDIR = /opt/openrobots/share/doc/tsid_api/doxygen-html
_PKG_CONFIG_PROJECT_NAME = tsid_api
_PKG_CONFIG_DESCRIPTION = Wholebody motion planner for jiyai-traj
_PKG_CONFIG_URL = https://github.com/ggory15
_PKG_CONFIG_VERSION = UNKNOWN-dirty
_PKG_CONFIG_REQUIRES = eigenpy >= 2.0, pinocchio >= 2.2, multicontact-api >= 2.0, tsid >= 1.2
_PKG_CONFIG_REQUIRES_DEBUG = 
_PKG_CONFIG_REQUIRES_OPTIMIZED = 
_PKG_CONFIG_COMPILE_TIME_REQUIRES = 
_PKG_CONFIG_CONFLICTS = 
_PKG_CONFIG_LIBS = 
_PKG_CONFIG_LIBS_DEBUG = -L${libdir}
_PKG_CONFIG_LIBS_OPTIMIZED = -L${libdir}
_PKG_CONFIG_LIBS_PRIVATE = 
_PKG_CONFIG_CFLAGS = -I${includedir}
_PKG_CONFIG_CFLAGS_DEBUG = 
_PKG_CONFIG_CFLAGS_OPTIMIZED = 
_PKG_CONFIG_FILENAME = tsid_api.pc
PKG_CONFIG_EXTRA = 
PYTHONINTERP_FOUND = undefined
PYTHONLIBS_FOUND = TRUE
PYTHON_LIBRARY_DIRS = /usr/lib/x86_64-linux-gnu
PYTHONLIBS_VERSION_STRING = 3.8.10
PYTHON_EXECUTABLE = /usr/bin/python3.8
PYTHON_SOABI = .cpython-38-x86_64-linux-gnu
PYTHON_EXT_SUFFIX = .cpython-38-x86_64-linux-gnu.so
EIGENPY_FOUND = 1
EIGENPY_LIBRARIES = eigenpy
EIGENPY_LIBRARY_DIRS = /opt/openrobots/lib
EIGENPY_LDFLAGS = -L/opt/openrobots/lib;-Wl,-rpath,/opt/openrobots/lib;-leigenpy;-Wl,-rpath,/usr/lib/x86_64-linux-gnu
EIGENPY_LDFLAGS_OTHER = -Wl,-rpath,/opt/openrobots/lib;-Wl,-rpath,/usr/lib/x86_64-linux-gnu
EIGENPY_INCLUDE_DIRS = /opt/openrobots/include;/usr/include/python3.8;/usr/lib/python3/dist-packages/numpy/core/include;/usr/include/eigen3
EIGENPY_CFLAGS = -I/opt/openrobots/include;-I/usr/include/python3.8;-I/usr/lib/python3/dist-packages/numpy/core/include;-I/usr/include/eigen3
EIGENPY_CFLAGS_OTHER = 
EIGENPY = undefined
EIGENPY_STATIC = undefined
EIGENPY_VERSION = 2.6.7
EIGENPY_PREFIX = /opt/openrobots
EIGENPY_INCLUDEDIR = /opt/openrobots/include
EIGENPY_LIBDIR = /opt/openrobots/lib
EIGENPY_PKGLIBDIR = /opt/openrobots/lib/eigenpy
EIGENPY_BINDIR = /opt/openrobots/bin
EIGENPY_DATAROOTDIR = /opt/openrobots/share
EIGENPY_PKGDATAROOTDIR = /opt/openrobots/share
EIGENPY_DOCDIR = 
EIGENPY_DOXYGENDOCDIR = 
PINOCCHIO_FOUND = 1
PINOCCHIO_LIBRARIES = pinocchio;boost_filesystem;boost_serialization;boost_system;urdfdom_sensor;urdfdom_model_state;urdfdom_model;urdfdom_world;console_bridge;hpp-fcl;octomap;octomath
PINOCCHIO_LIBRARY_DIRS = /opt/openrobots/lib
PINOCCHIO_LDFLAGS = -L/opt/openrobots/lib;-Wl,-rpath,/opt/openrobots/lib;-lpinocchio;-Wl,-rpath,/usr/lib/x86_64-linux-gnu;-lboost_filesystem;-lboost_serialization;-lboost_system;-lurdfdom_sensor;-lurdfdom_model_state;-lurdfdom_model;-lurdfdom_world;-lconsole_bridge;-Wl,-rpath,/opt/openrobots/lib;-lhpp-fcl;-loctomap;-loctomath
PINOCCHIO_LDFLAGS_OTHER = -Wl,-rpath,/opt/openrobots/lib;-Wl,-rpath,/usr/lib/x86_64-linux-gnu;-Wl,-rpath,/opt/openrobots/lib
PINOCCHIO_INCLUDE_DIRS = /opt/openrobots/include;/usr/include/eigen3
PINOCCHIO_CFLAGS = -DPINOCCHIO_WITH_URDFDOM;-DPINOCCHIO_WITH_HPP_FCL;-DHPP_FCL_HAS_OCTOMAP;-DHPP_FCL_HAVE_OCTOMAP;-DFCL_HAVE_OCTOMAP;-DOCTOMAP_MAJOR_VERSION=1;-DOCTOMAP_MINOR_VERSION=9;-DOCTOMAP_PATCH_VERSION=6;-I/opt/openrobots/include;-I/usr/include/eigen3
PINOCCHIO_CFLAGS_OTHER = -DPINOCCHIO_WITH_URDFDOM;-DPINOCCHIO_WITH_HPP_FCL;-DHPP_FCL_HAS_OCTOMAP;-DHPP_FCL_HAVE_OCTOMAP;-DFCL_HAVE_OCTOMAP;-DOCTOMAP_MAJOR_VERSION=1;-DOCTOMAP_MINOR_VERSION=9;-DOCTOMAP_PATCH_VERSION=6
PINOCCHIO = undefined
PINOCCHIO_STATIC = undefined
PINOCCHIO_VERSION = 2.6.3
PINOCCHIO_PREFIX = /opt/openrobots
PINOCCHIO_INCLUDEDIR = /opt/openrobots/include
PINOCCHIO_LIBDIR = /opt/openrobots/lib
PINOCCHIO_PKGLIBDIR = /opt/openrobots/lib/pinocchio
PINOCCHIO_BINDIR = /opt/openrobots/bin
PINOCCHIO_DATAROOTDIR = /opt/openrobots/share
PINOCCHIO_PKGDATAROOTDIR = /opt/openrobots/share
PINOCCHIO_DOCDIR = 
PINOCCHIO_DOXYGENDOCDIR = 
MULTICONTACT_API_FOUND = 1
MULTICONTACT_API_LIBRARIES = boost_serialization;pinocchio;boost_filesystem;boost_serialization;boost_system;urdfdom_sensor;urdfdom_model_state;urdfdom_model;urdfdom_world;console_bridge;hpp-fcl;octomap;octomath
MULTICONTACT_API_LIBRARY_DIRS = /opt/openrobots/lib
MULTICONTACT_API_LDFLAGS = -L/opt/openrobots/lib;-Wl,-rpath,/opt/openrobots/lib;-Wl,-rpath,/usr/lib/x86_64-linux-gnu;-lboost_serialization;-Wl,-rpath,/opt/openrobots/lib;-lpinocchio;-Wl,-rpath,/usr/lib/x86_64-linux-gnu;-lboost_filesystem;-lboost_serialization;-lboost_system;-lurdfdom_sensor;-lurdfdom_model_state;-lurdfdom_model;-lurdfdom_world;-lconsole_bridge;-Wl,-rpath,/opt/openrobots/lib;-lhpp-fcl;-loctomap;-loctomath;-Wl,-rpath,/opt/openrobots/lib
MULTICONTACT_API_LDFLAGS_OTHER = -Wl,-rpath,/opt/openrobots/lib;-Wl,-rpath,/usr/lib/x86_64-linux-gnu;-Wl,-rpath,/opt/openrobots/lib;-Wl,-rpath,/usr/lib/x86_64-linux-gnu;-Wl,-rpath,/opt/openrobots/lib
MULTICONTACT_API_INCLUDE_DIRS = /opt/openrobots/include;/usr/include/eigen3
MULTICONTACT_API_CFLAGS = -DPINOCCHIO_WITH_URDFDOM;-DPINOCCHIO_WITH_HPP_FCL;-DHPP_FCL_HAS_OCTOMAP;-DHPP_FCL_HAVE_OCTOMAP;-DFCL_HAVE_OCTOMAP;-DOCTOMAP_MAJOR_VERSION=1;-DOCTOMAP_MINOR_VERSION=9;-DOCTOMAP_PATCH_VERSION=6;-DCURVES_WITH_PINOCCHIO_SUPPORT;-I/opt/openrobots/include;-I/usr/include/eigen3
MULTICONTACT_API_CFLAGS_OTHER = -DPINOCCHIO_WITH_URDFDOM;-DPINOCCHIO_WITH_HPP_FCL;-DHPP_FCL_HAS_OCTOMAP;-DHPP_FCL_HAVE_OCTOMAP;-DFCL_HAVE_OCTOMAP;-DOCTOMAP_MAJOR_VERSION=1;-DOCTOMAP_MINOR_VERSION=9;-DOCTOMAP_PATCH_VERSION=6;-DCURVES_WITH_PINOCCHIO_SUPPORT
MULTICONTACT_API = undefined
MULTICONTACT_API_STATIC = undefined
MULTICONTACT_API_VERSION = 2.1.0
MULTICONTACT_API_PREFIX = /opt/openrobots
MULTICONTACT_API_INCLUDEDIR = /opt/openrobots/include
MULTICONTACT_API_LIBDIR = /opt/openrobots/lib
MULTICONTACT_API_PKGLIBDIR = /opt/openrobots/lib/multicontact-api
MULTICONTACT_API_BINDIR = /opt/openrobots/bin
MULTICONTACT_API_DATAROOTDIR = /opt/openrobots/share
MULTICONTACT_API_PKGDATAROOTDIR = /opt/openrobots/share
MULTICONTACT_API_DOCDIR = /opt/openrobots/share/doc/multicontact-api
MULTICONTACT_API_DOXYGENDOCDIR = /opt/openrobots/share/doc/multicontact-api/doxygen-html
TSID_FOUND = 1
TSID_LIBRARIES = 
TSID_LIBRARY_DIRS = /opt/openrobots/lib
TSID_LDFLAGS = -L/opt/openrobots/lib
TSID_LDFLAGS_OTHER = 
TSID_INCLUDE_DIRS = /opt/openrobots/include
TSID_CFLAGS = -I/opt/openrobots/include
TSID_CFLAGS_OTHER = 
TSID = undefined
TSID_STATIC = undefined
TSID_VERSION = 1.6.0
TSID_PREFIX = /opt/openrobots
TSID_INCLUDEDIR = /opt/openrobots/include
TSID_LIBDIR = /opt/openrobots/lib
TSID_PKGLIBDIR = /opt/openrobots/lib/tsid
TSID_BINDIR = /opt/openrobots/bin
TSID_DATAROOTDIR = /opt/openrobots/share
TSID_PKGDATAROOTDIR = /opt/openrobots/share
TSID_DOCDIR = /opt/openrobots/share/doc/tsid
TSID_DOXYGENDOCDIR = /opt/openrobots/share/doc/tsid/doxygen-html
## ---------------- ##
## Watched targets. ##
## ---------------- ##

